#
# There is insufficient memory for the Java Runtime Environment to continue.
# Native memory allocation (malloc) failed to allocate 32744 bytes. Error detail: Chunk::new
# Possible reasons:
#   The system is out of physical RAM or swap space
#   This process is running with CompressedOops enabled, and the Java Heap may be blocking the growth of the native heap
# Possible solutions:
#   Reduce memory load on the system
#   Increase physical memory or swap space
#   Check if swap backing store is full
#   Decrease Java heap size (-Xmx/-Xms)
#   Decrease number of Java threads
#   Decrease Java thread stack sizes (-Xss)
#   Set larger code cache with -XX:ReservedCodeCacheSize=
#   JVM is running with Zero Based Compressed Oops mode in which the Java heap is
#     placed in the first 32GB address space. The Java Heap base address is the
#     maximum limit for the native heap growth. Please use -XX:HeapBaseMinAddress
#     to set the Java Heap base and to place the Java Heap above 32GB virtual address.
# This output file may be truncated or incomplete.
#
#  Out of Memory Error (arena.cpp:168), pid=190812, tid=193468
#
# JRE version: OpenJDK Runtime Environment Temurin-21.0.3+9 (21.0.3+9) (build 21.0.3+9-LTS)
# Java VM: OpenJDK 64-Bit Server VM Temurin-21.0.3+9 (21.0.3+9-LTS, mixed mode, sharing, tiered, compressed oops, compressed class ptrs, g1 gc, windows-amd64)
# No core dump will be written. Minidumps are not enabled by default on client versions of Windows
#

---------------  S U M M A R Y ------------

Command Line: -Dclassworlds.conf=C:\Users\Administrator\AppData\Roaming\Code\User\globalStorage\pleiades.java-extension-pack-jdk\maven\latest\bin\m2.conf -Dmaven.home=C:\Users\Administrator\AppData\Roaming\Code\User\globalStorage\pleiades.java-extension-pack-jdk\maven\latest -Dlibrary.jansi.path=C:\Users\Administrator\AppData\Roaming\Code\User\globalStorage\pleiades.java-extension-pack-jdk\maven\latest\lib\jansi-native -Dmaven.multiModuleProjectDirectory=C:\Users\Administrator\Documents\Projects\Monkata\eurekaserver org.codehaus.plexus.classworlds.launcher.Launcher spring-boot:run

Host: Intel(R) Core(TM) i7-6700 CPU @ 3.40GHz, 7 cores, 31G,  Windows 10 , 64 bit Build 19041 (10.0.19041.3636)
Time: Wed Jun 19 14:11:18 2024 Eastern Daylight Time elapsed time: 76.408735 seconds (0d 0h 1m 16s)

---------------  T H R E A D  ---------------

Current thread (0x000002164c864350):  JavaThread "C2 CompilerThread0" daemon [_thread_in_native, id=193468, stack(0x00000022fcd00000,0x00000022fce00000) (1024K)]


Current CompileTask:
C2:  76408 4508       4       java.util.LinkedHashMap$LinkedEntrySet::iterator (16 bytes)

Stack: [0x00000022fcd00000,0x00000022fce00000]
Native frames: (J=compiled Java code, j=interpreted, Vv=VM code, C=native code)
V  [jvm.dll+0x6c8699]
V  [jvm.dll+0x8a2061]
V  [jvm.dll+0x8a458e]
V  [jvm.dll+0x8a4c63]
V  [jvm.dll+0x27e476]
V  [jvm.dll+0xc4a1d]
V  [jvm.dll+0xc4f53]
V  [jvm.dll+0x6f401a]
V  [jvm.dll+0x1df966]
V  [jvm.dll+0x246b12]
V  [jvm.dll+0x245f9f]
V  [jvm.dll+0x1c6f4e]
V  [jvm.dll+0x255719]
V  [jvm.dll+0x253cba]
V  [jvm.dll+0x3ec1e6]
V  [jvm.dll+0x84bf8b]
V  [jvm.dll+0x6c6dcd]
C  [ucrtbase.dll+0x21bb2]
C  [KERNEL32.DLL+0x17344]
C  [ntdll.dll+0x4cc91]


---------------  P R O C E S S  ---------------

Threads class SMR info:
_java_thread_list=0x00000216925765b0, length=12, elements={
0x0000021628879700, 0x000002164c85ebb0, 0x000002164c85fa80, 0x000002164c8616a0,
0x000002164c862100, 0x000002164c862b60, 0x000002164c8635c0, 0x000002164c864350,
0x000002164c869ac0, 0x000002164cccd3c0, 0x000002164ccd0e80, 0x00000216933f1ff0
}

Java Threads: ( => current thread )
  0x0000021628879700 JavaThread "main"                              [_thread_in_native, id=190108, stack(0x00000022fbf00000,0x00000022fc000000) (1024K)]
  0x000002164c85ebb0 JavaThread "Reference Handler"          daemon [_thread_blocked, id=89464, stack(0x00000022fc700000,0x00000022fc800000) (1024K)]
  0x000002164c85fa80 JavaThread "Finalizer"                  daemon [_thread_blocked, id=150340, stack(0x00000022fc800000,0x00000022fc900000) (1024K)]
  0x000002164c8616a0 JavaThread "Signal Dispatcher"          daemon [_thread_blocked, id=193528, stack(0x00000022fc900000,0x00000022fca00000) (1024K)]
  0x000002164c862100 JavaThread "Attach Listener"            daemon [_thread_blocked, id=191636, stack(0x00000022fca00000,0x00000022fcb00000) (1024K)]
  0x000002164c862b60 JavaThread "Service Thread"             daemon [_thread_blocked, id=85064, stack(0x00000022fcb00000,0x00000022fcc00000) (1024K)]
  0x000002164c8635c0 JavaThread "Monitor Deflation Thread"   daemon [_thread_blocked, id=94292, stack(0x00000022fcc00000,0x00000022fcd00000) (1024K)]
=>0x000002164c864350 JavaThread "C2 CompilerThread0"         daemon [_thread_in_native, id=193468, stack(0x00000022fcd00000,0x00000022fce00000) (1024K)]
  0x000002164c869ac0 JavaThread "C1 CompilerThread0"         daemon [_thread_in_native, id=191728, stack(0x00000022fce00000,0x00000022fcf00000) (1024K)]
  0x000002164cccd3c0 JavaThread "Notification Thread"        daemon [_thread_blocked, id=92148, stack(0x00000022fcf00000,0x00000022fd000000) (1024K)]
  0x000002164ccd0e80 JavaThread "Common-Cleaner"             daemon [_thread_blocked, id=172472, stack(0x00000022fd000000,0x00000022fd100000) (1024K)]
  0x00000216933f1ff0 JavaThread "Thread-1"                   daemon [_thread_blocked, id=193600, stack(0x00000022fd100000,0x00000022fd200000) (1024K)]
Total: 12

Other Threads:
  0x000002164c83c030 VMThread "VM Thread"                           [id=168308, stack(0x00000022fc600000,0x00000022fc700000) (1024K)]
  0x000002164c824a00 WatcherThread "VM Periodic Task Thread"        [id=39272, stack(0x00000022fc500000,0x00000022fc600000) (1024K)]
  0x0000021628916880 WorkerThread "GC Thread#0"                     [id=100920, stack(0x00000022fc000000,0x00000022fc100000) (1024K)]
  0x0000021692bb7df0 WorkerThread "GC Thread#1"                     [id=193048, stack(0x00000022fd200000,0x00000022fd300000) (1024K)]
  0x0000021692a90c70 WorkerThread "GC Thread#2"                     [id=193676, stack(0x00000022fd300000,0x00000022fd400000) (1024K)]
  0x00000216922fc140 WorkerThread "GC Thread#3"                     [id=193680, stack(0x00000022fd400000,0x00000022fd500000) (1024K)]
  0x00000216922fc4e0 WorkerThread "GC Thread#4"                     [id=193684, stack(0x00000022fd500000,0x00000022fd600000) (1024K)]
  0x00000216924fa780 WorkerThread "GC Thread#5"                     [id=193688, stack(0x00000022fd600000,0x00000022fd700000) (1024K)]
  0x00000216924fab20 WorkerThread "GC Thread#6"                     [id=83884, stack(0x00000022fd700000,0x00000022fd800000) (1024K)]
  0x00000216289276a0 ConcurrentGCThread "G1 Main Marker"            [id=192544, stack(0x00000022fc100000,0x00000022fc200000) (1024K)]
  0x00000216289280a0 WorkerThread "G1 Conc#0"                       [id=192728, stack(0x00000022fc200000,0x00000022fc300000) (1024K)]
  0x000002164c6e7d50 ConcurrentGCThread "G1 Refine#0"               [id=88856, stack(0x00000022fc300000,0x00000022fc400000) (1024K)]
  0x000002164c6e87c0 ConcurrentGCThread "G1 Service"                [id=170140, stack(0x00000022fc400000,0x00000022fc500000) (1024K)]
Total: 13

Threads with active compile tasks:
C2 CompilerThread0    76455 4508       4       java.util.LinkedHashMap$LinkedEntrySet::iterator (16 bytes)
C1 CompilerThread0    76455 4509       3       org.eclipse.aether.internal.impl.collect.DataPool$WeakInternPool::intern (53 bytes)
Total: 2

VM state: not at safepoint (normal execution)

VM Mutex/Monitor currently owned by a thread: None

Heap address: 0x0000000601800000, size: 8168 MB, Compressed Oops mode: Zero based, Oop shift amount: 3

CDS archive(s) mapped at: [0x000002164d000000-0x000002164dc90000-0x000002164dc90000), size 13172736, SharedBaseAddress: 0x000002164d000000, ArchiveRelocationMode: 1.
Compressed class space mapped at: 0x000002164e000000-0x000002168e000000, reserved size: 1073741824
Narrow klass base: 0x000002164d000000, Narrow klass shift: 0, Narrow klass range: 0x100000000

GC Precious Log:
 CardTable entry size: 512
 Card Set container configuration: InlinePtr #cards 4 size 8 Array Of Cards #cards 32 size 80 Howl #buckets 8 coarsen threshold 7372 Howl Bitmap #cards 1024 size 144 coarsen threshold 921 Card regions per heap region 1 cards per card region 8192
 CPUs: 7 total, 7 available
 Memory: 32658M
 Large Page Support: Disabled
 NUMA Support: Disabled
 Compressed Oops: Enabled (Zero based)
 Heap Region Size: 4M
 Heap Min Capacity: 8M
 Heap Initial Capacity: 512M
 Heap Max Capacity: 8168M
 Pre-touch: Disabled
 Parallel Workers: 7
 Concurrent Workers: 2
 Concurrent Refinement Workers: 7
 Periodic GC: Disabled

Heap:
 garbage-first heap   total 524288K, used 80968K [0x0000000601800000, 0x0000000800000000)
  region size 4096K, 20 young (81920K), 2 survivors (8192K)
 Metaspace       used 16632K, committed 16832K, reserved 1114112K
  class space    used 1885K, committed 1984K, reserved 1048576K

Heap Regions: E=young(eden), S=young(survivor), O=old, HS=humongous(starts), HC=humongous(continues), CS=collection set, F=free, TAMS=top-at-mark-start, PB=parsable bottom
|   0|0x0000000601800000, 0x0000000601b8d070, 0x0000000601c00000| 88%| O|  |TAMS 0x0000000601800000| PB 0x0000000601800000| Untracked 
|   1|0x0000000601c00000, 0x0000000601c00000, 0x0000000602000000|  0%| F|  |TAMS 0x0000000601c00000| PB 0x0000000601c00000| Untracked 
|   2|0x0000000602000000, 0x0000000602000000, 0x0000000602400000|  0%| F|  |TAMS 0x0000000602000000| PB 0x0000000602000000| Untracked 
|   3|0x0000000602400000, 0x0000000602400000, 0x0000000602800000|  0%| F|  |TAMS 0x0000000602400000| PB 0x0000000602400000| Untracked 
|   4|0x0000000602800000, 0x0000000602800000, 0x0000000602c00000|  0%| F|  |TAMS 0x0000000602800000| PB 0x0000000602800000| Untracked 
|   5|0x0000000602c00000, 0x0000000602c00000, 0x0000000603000000|  0%| F|  |TAMS 0x0000000602c00000| PB 0x0000000602c00000| Untracked 
|   6|0x0000000603000000, 0x0000000603000000, 0x0000000603400000|  0%| F|  |TAMS 0x0000000603000000| PB 0x0000000603000000| Untracked 
|   7|0x0000000603400000, 0x0000000603400000, 0x0000000603800000|  0%| F|  |TAMS 0x0000000603400000| PB 0x0000000603400000| Untracked 
|   8|0x0000000603800000, 0x0000000603800000, 0x0000000603c00000|  0%| F|  |TAMS 0x0000000603800000| PB 0x0000000603800000| Untracked 
|   9|0x0000000603c00000, 0x0000000603c00000, 0x0000000604000000|  0%| F|  |TAMS 0x0000000603c00000| PB 0x0000000603c00000| Untracked 
|  10|0x0000000604000000, 0x0000000604000000, 0x0000000604400000|  0%| F|  |TAMS 0x0000000604000000| PB 0x0000000604000000| Untracked 
|  11|0x0000000604400000, 0x0000000604400000, 0x0000000604800000|  0%| F|  |TAMS 0x0000000604400000| PB 0x0000000604400000| Untracked 
|  12|0x0000000604800000, 0x0000000604800000, 0x0000000604c00000|  0%| F|  |TAMS 0x0000000604800000| PB 0x0000000604800000| Untracked 
|  13|0x0000000604c00000, 0x0000000604c00000, 0x0000000605000000|  0%| F|  |TAMS 0x0000000604c00000| PB 0x0000000604c00000| Untracked 
|  14|0x0000000605000000, 0x0000000605000000, 0x0000000605400000|  0%| F|  |TAMS 0x0000000605000000| PB 0x0000000605000000| Untracked 
|  15|0x0000000605400000, 0x0000000605400000, 0x0000000605800000|  0%| F|  |TAMS 0x0000000605400000| PB 0x0000000605400000| Untracked 
|  16|0x0000000605800000, 0x0000000605800000, 0x0000000605c00000|  0%| F|  |TAMS 0x0000000605800000| PB 0x0000000605800000| Untracked 
|  17|0x0000000605c00000, 0x0000000605c00000, 0x0000000606000000|  0%| F|  |TAMS 0x0000000605c00000| PB 0x0000000605c00000| Untracked 
|  18|0x0000000606000000, 0x0000000606000000, 0x0000000606400000|  0%| F|  |TAMS 0x0000000606000000| PB 0x0000000606000000| Untracked 
|  19|0x0000000606400000, 0x0000000606400000, 0x0000000606800000|  0%| F|  |TAMS 0x0000000606400000| PB 0x0000000606400000| Untracked 
|  20|0x0000000606800000, 0x0000000606800000, 0x0000000606c00000|  0%| F|  |TAMS 0x0000000606800000| PB 0x0000000606800000| Untracked 
|  21|0x0000000606c00000, 0x0000000606c00000, 0x0000000607000000|  0%| F|  |TAMS 0x0000000606c00000| PB 0x0000000606c00000| Untracked 
|  22|0x0000000607000000, 0x0000000607000000, 0x0000000607400000|  0%| F|  |TAMS 0x0000000607000000| PB 0x0000000607000000| Untracked 
|  23|0x0000000607400000, 0x0000000607400000, 0x0000000607800000|  0%| F|  |TAMS 0x0000000607400000| PB 0x0000000607400000| Untracked 
|  24|0x0000000607800000, 0x0000000607800000, 0x0000000607c00000|  0%| F|  |TAMS 0x0000000607800000| PB 0x0000000607800000| Untracked 
|  25|0x0000000607c00000, 0x0000000607c00000, 0x0000000608000000|  0%| F|  |TAMS 0x0000000607c00000| PB 0x0000000607c00000| Untracked 
|  26|0x0000000608000000, 0x0000000608000000, 0x0000000608400000|  0%| F|  |TAMS 0x0000000608000000| PB 0x0000000608000000| Untracked 
|  27|0x0000000608400000, 0x0000000608400000, 0x0000000608800000|  0%| F|  |TAMS 0x0000000608400000| PB 0x0000000608400000| Untracked 
|  28|0x0000000608800000, 0x0000000608800000, 0x0000000608c00000|  0%| F|  |TAMS 0x0000000608800000| PB 0x0000000608800000| Untracked 
|  29|0x0000000608c00000, 0x0000000608c00000, 0x0000000609000000|  0%| F|  |TAMS 0x0000000608c00000| PB 0x0000000608c00000| Untracked 
|  30|0x0000000609000000, 0x0000000609000000, 0x0000000609400000|  0%| F|  |TAMS 0x0000000609000000| PB 0x0000000609000000| Untracked 
|  31|0x0000000609400000, 0x0000000609400000, 0x0000000609800000|  0%| F|  |TAMS 0x0000000609400000| PB 0x0000000609400000| Untracked 
|  32|0x0000000609800000, 0x0000000609800000, 0x0000000609c00000|  0%| F|  |TAMS 0x0000000609800000| PB 0x0000000609800000| Untracked 
|  33|0x0000000609c00000, 0x0000000609c00000, 0x000000060a000000|  0%| F|  |TAMS 0x0000000609c00000| PB 0x0000000609c00000| Untracked 
|  34|0x000000060a000000, 0x000000060a000000, 0x000000060a400000|  0%| F|  |TAMS 0x000000060a000000| PB 0x000000060a000000| Untracked 
|  35|0x000000060a400000, 0x000000060a400000, 0x000000060a800000|  0%| F|  |TAMS 0x000000060a400000| PB 0x000000060a400000| Untracked 
|  36|0x000000060a800000, 0x000000060a800000, 0x000000060ac00000|  0%| F|  |TAMS 0x000000060a800000| PB 0x000000060a800000| Untracked 
|  37|0x000000060ac00000, 0x000000060ac00000, 0x000000060b000000|  0%| F|  |TAMS 0x000000060ac00000| PB 0x000000060ac00000| Untracked 
|  38|0x000000060b000000, 0x000000060b000000, 0x000000060b400000|  0%| F|  |TAMS 0x000000060b000000| PB 0x000000060b000000| Untracked 
|  39|0x000000060b400000, 0x000000060b400000, 0x000000060b800000|  0%| F|  |TAMS 0x000000060b400000| PB 0x000000060b400000| Untracked 
|  40|0x000000060b800000, 0x000000060b800000, 0x000000060bc00000|  0%| F|  |TAMS 0x000000060b800000| PB 0x000000060b800000| Untracked 
|  41|0x000000060bc00000, 0x000000060bc00000, 0x000000060c000000|  0%| F|  |TAMS 0x000000060bc00000| PB 0x000000060bc00000| Untracked 
|  42|0x000000060c000000, 0x000000060c000000, 0x000000060c400000|  0%| F|  |TAMS 0x000000060c000000| PB 0x000000060c000000| Untracked 
|  43|0x000000060c400000, 0x000000060c400000, 0x000000060c800000|  0%| F|  |TAMS 0x000000060c400000| PB 0x000000060c400000| Untracked 
|  44|0x000000060c800000, 0x000000060c800000, 0x000000060cc00000|  0%| F|  |TAMS 0x000000060c800000| PB 0x000000060c800000| Untracked 
|  45|0x000000060cc00000, 0x000000060cc00000, 0x000000060d000000|  0%| F|  |TAMS 0x000000060cc00000| PB 0x000000060cc00000| Untracked 
|  46|0x000000060d000000, 0x000000060d000000, 0x000000060d400000|  0%| F|  |TAMS 0x000000060d000000| PB 0x000000060d000000| Untracked 
|  47|0x000000060d400000, 0x000000060d400000, 0x000000060d800000|  0%| F|  |TAMS 0x000000060d400000| PB 0x000000060d400000| Untracked 
|  48|0x000000060d800000, 0x000000060d800000, 0x000000060dc00000|  0%| F|  |TAMS 0x000000060d800000| PB 0x000000060d800000| Untracked 
|  49|0x000000060dc00000, 0x000000060dc00000, 0x000000060e000000|  0%| F|  |TAMS 0x000000060dc00000| PB 0x000000060dc00000| Untracked 
|  50|0x000000060e000000, 0x000000060e000000, 0x000000060e400000|  0%| F|  |TAMS 0x000000060e000000| PB 0x000000060e000000| Untracked 
|  51|0x000000060e400000, 0x000000060e400000, 0x000000060e800000|  0%| F|  |TAMS 0x000000060e400000| PB 0x000000060e400000| Untracked 
|  52|0x000000060e800000, 0x000000060e800000, 0x000000060ec00000|  0%| F|  |TAMS 0x000000060e800000| PB 0x000000060e800000| Untracked 
|  53|0x000000060ec00000, 0x000000060ec00000, 0x000000060f000000|  0%| F|  |TAMS 0x000000060ec00000| PB 0x000000060ec00000| Untracked 
|  54|0x000000060f000000, 0x000000060f000000, 0x000000060f400000|  0%| F|  |TAMS 0x000000060f000000| PB 0x000000060f000000| Untracked 
|  55|0x000000060f400000, 0x000000060f400000, 0x000000060f800000|  0%| F|  |TAMS 0x000000060f400000| PB 0x000000060f400000| Untracked 
|  56|0x000000060f800000, 0x000000060f800000, 0x000000060fc00000|  0%| F|  |TAMS 0x000000060f800000| PB 0x000000060f800000| Untracked 
|  57|0x000000060fc00000, 0x000000060fc00000, 0x0000000610000000|  0%| F|  |TAMS 0x000000060fc00000| PB 0x000000060fc00000| Untracked 
|  58|0x0000000610000000, 0x0000000610000000, 0x0000000610400000|  0%| F|  |TAMS 0x0000000610000000| PB 0x0000000610000000| Untracked 
|  59|0x0000000610400000, 0x0000000610400000, 0x0000000610800000|  0%| F|  |TAMS 0x0000000610400000| PB 0x0000000610400000| Untracked 
|  60|0x0000000610800000, 0x0000000610800000, 0x0000000610c00000|  0%| F|  |TAMS 0x0000000610800000| PB 0x0000000610800000| Untracked 
|  61|0x0000000610c00000, 0x0000000610c00000, 0x0000000611000000|  0%| F|  |TAMS 0x0000000610c00000| PB 0x0000000610c00000| Untracked 
|  62|0x0000000611000000, 0x0000000611000000, 0x0000000611400000|  0%| F|  |TAMS 0x0000000611000000| PB 0x0000000611000000| Untracked 
|  63|0x0000000611400000, 0x0000000611400000, 0x0000000611800000|  0%| F|  |TAMS 0x0000000611400000| PB 0x0000000611400000| Untracked 
|  64|0x0000000611800000, 0x0000000611800000, 0x0000000611c00000|  0%| F|  |TAMS 0x0000000611800000| PB 0x0000000611800000| Untracked 
|  65|0x0000000611c00000, 0x0000000611c00000, 0x0000000612000000|  0%| F|  |TAMS 0x0000000611c00000| PB 0x0000000611c00000| Untracked 
|  66|0x0000000612000000, 0x0000000612000000, 0x0000000612400000|  0%| F|  |TAMS 0x0000000612000000| PB 0x0000000612000000| Untracked 
|  67|0x0000000612400000, 0x0000000612400000, 0x0000000612800000|  0%| F|  |TAMS 0x0000000612400000| PB 0x0000000612400000| Untracked 
|  68|0x0000000612800000, 0x0000000612800000, 0x0000000612c00000|  0%| F|  |TAMS 0x0000000612800000| PB 0x0000000612800000| Untracked 
|  69|0x0000000612c00000, 0x0000000612c00000, 0x0000000613000000|  0%| F|  |TAMS 0x0000000612c00000| PB 0x0000000612c00000| Untracked 
|  70|0x0000000613000000, 0x0000000613000000, 0x0000000613400000|  0%| F|  |TAMS 0x0000000613000000| PB 0x0000000613000000| Untracked 
|  71|0x0000000613400000, 0x0000000613400000, 0x0000000613800000|  0%| F|  |TAMS 0x0000000613400000| PB 0x0000000613400000| Untracked 
|  72|0x0000000613800000, 0x0000000613800000, 0x0000000613c00000|  0%| F|  |TAMS 0x0000000613800000| PB 0x0000000613800000| Untracked 
|  73|0x0000000613c00000, 0x0000000613c00000, 0x0000000614000000|  0%| F|  |TAMS 0x0000000613c00000| PB 0x0000000613c00000| Untracked 
|  74|0x0000000614000000, 0x0000000614000000, 0x0000000614400000|  0%| F|  |TAMS 0x0000000614000000| PB 0x0000000614000000| Untracked 
|  75|0x0000000614400000, 0x0000000614400000, 0x0000000614800000|  0%| F|  |TAMS 0x0000000614400000| PB 0x0000000614400000| Untracked 
|  76|0x0000000614800000, 0x0000000614800000, 0x0000000614c00000|  0%| F|  |TAMS 0x0000000614800000| PB 0x0000000614800000| Untracked 
|  77|0x0000000614c00000, 0x0000000614c00000, 0x0000000615000000|  0%| F|  |TAMS 0x0000000614c00000| PB 0x0000000614c00000| Untracked 
|  78|0x0000000615000000, 0x0000000615000000, 0x0000000615400000|  0%| F|  |TAMS 0x0000000615000000| PB 0x0000000615000000| Untracked 
|  79|0x0000000615400000, 0x0000000615400000, 0x0000000615800000|  0%| F|  |TAMS 0x0000000615400000| PB 0x0000000615400000| Untracked 
|  80|0x0000000615800000, 0x0000000615800000, 0x0000000615c00000|  0%| F|  |TAMS 0x0000000615800000| PB 0x0000000615800000| Untracked 
|  81|0x0000000615c00000, 0x0000000615c00000, 0x0000000616000000|  0%| F|  |TAMS 0x0000000615c00000| PB 0x0000000615c00000| Untracked 
|  82|0x0000000616000000, 0x0000000616000000, 0x0000000616400000|  0%| F|  |TAMS 0x0000000616000000| PB 0x0000000616000000| Untracked 
|  83|0x0000000616400000, 0x0000000616400000, 0x0000000616800000|  0%| F|  |TAMS 0x0000000616400000| PB 0x0000000616400000| Untracked 
|  84|0x0000000616800000, 0x0000000616800000, 0x0000000616c00000|  0%| F|  |TAMS 0x0000000616800000| PB 0x0000000616800000| Untracked 
|  85|0x0000000616c00000, 0x0000000616c00000, 0x0000000617000000|  0%| F|  |TAMS 0x0000000616c00000| PB 0x0000000616c00000| Untracked 
|  86|0x0000000617000000, 0x0000000617000000, 0x0000000617400000|  0%| F|  |TAMS 0x0000000617000000| PB 0x0000000617000000| Untracked 
|  87|0x0000000617400000, 0x0000000617400000, 0x0000000617800000|  0%| F|  |TAMS 0x0000000617400000| PB 0x0000000617400000| Untracked 
|  88|0x0000000617800000, 0x0000000617800000, 0x0000000617c00000|  0%| F|  |TAMS 0x0000000617800000| PB 0x0000000617800000| Untracked 
|  89|0x0000000617c00000, 0x0000000617c00000, 0x0000000618000000|  0%| F|  |TAMS 0x0000000617c00000| PB 0x0000000617c00000| Untracked 
|  90|0x0000000618000000, 0x0000000618000000, 0x0000000618400000|  0%| F|  |TAMS 0x0000000618000000| PB 0x0000000618000000| Untracked 
|  91|0x0000000618400000, 0x0000000618400000, 0x0000000618800000|  0%| F|  |TAMS 0x0000000618400000| PB 0x0000000618400000| Untracked 
|  92|0x0000000618800000, 0x0000000618800000, 0x0000000618c00000|  0%| F|  |TAMS 0x0000000618800000| PB 0x0000000618800000| Untracked 
|  93|0x0000000618c00000, 0x0000000618c00000, 0x0000000619000000|  0%| F|  |TAMS 0x0000000618c00000| PB 0x0000000618c00000| Untracked 
|  94|0x0000000619000000, 0x0000000619000000, 0x0000000619400000|  0%| F|  |TAMS 0x0000000619000000| PB 0x0000000619000000| Untracked 
|  95|0x0000000619400000, 0x0000000619400000, 0x0000000619800000|  0%| F|  |TAMS 0x0000000619400000| PB 0x0000000619400000| Untracked 
|  96|0x0000000619800000, 0x0000000619800000, 0x0000000619c00000|  0%| F|  |TAMS 0x0000000619800000| PB 0x0000000619800000| Untracked 
|  97|0x0000000619c00000, 0x0000000619c00000, 0x000000061a000000|  0%| F|  |TAMS 0x0000000619c00000| PB 0x0000000619c00000| Untracked 
|  98|0x000000061a000000, 0x000000061a000000, 0x000000061a400000|  0%| F|  |TAMS 0x000000061a000000| PB 0x000000061a000000| Untracked 
|  99|0x000000061a400000, 0x000000061a400000, 0x000000061a800000|  0%| F|  |TAMS 0x000000061a400000| PB 0x000000061a400000| Untracked 
| 100|0x000000061a800000, 0x000000061a800000, 0x000000061ac00000|  0%| F|  |TAMS 0x000000061a800000| PB 0x000000061a800000| Untracked 
| 101|0x000000061ac00000, 0x000000061ac00000, 0x000000061b000000|  0%| F|  |TAMS 0x000000061ac00000| PB 0x000000061ac00000| Untracked 
| 102|0x000000061b000000, 0x000000061b000000, 0x000000061b400000|  0%| F|  |TAMS 0x000000061b000000| PB 0x000000061b000000| Untracked 
| 103|0x000000061b400000, 0x000000061b400000, 0x000000061b800000|  0%| F|  |TAMS 0x000000061b400000| PB 0x000000061b400000| Untracked 
| 104|0x000000061b800000, 0x000000061b800000, 0x000000061bc00000|  0%| F|  |TAMS 0x000000061b800000| PB 0x000000061b800000| Untracked 
| 105|0x000000061bc00000, 0x000000061bc00000, 0x000000061c000000|  0%| F|  |TAMS 0x000000061bc00000| PB 0x000000061bc00000| Untracked 
| 106|0x000000061c000000, 0x000000061c000000, 0x000000061c400000|  0%| F|  |TAMS 0x000000061c000000| PB 0x000000061c000000| Untracked 
| 107|0x000000061c400000, 0x000000061c400000, 0x000000061c800000|  0%| F|  |TAMS 0x000000061c400000| PB 0x000000061c400000| Untracked 
| 108|0x000000061c800000, 0x000000061c914228, 0x000000061cc00000| 26%| E|  |TAMS 0x000000061c800000| PB 0x000000061c800000| Complete 
| 109|0x000000061cc00000, 0x000000061d000000, 0x000000061d000000|100%| E|CS|TAMS 0x000000061cc00000| PB 0x000000061cc00000| Complete 
| 110|0x000000061d000000, 0x000000061d385180, 0x000000061d400000| 87%| S|CS|TAMS 0x000000061d000000| PB 0x000000061d000000| Complete 
| 111|0x000000061d400000, 0x000000061d800000, 0x000000061d800000|100%| S|CS|TAMS 0x000000061d400000| PB 0x000000061d400000| Complete 
| 112|0x000000061d800000, 0x000000061dc00000, 0x000000061dc00000|100%| E|CS|TAMS 0x000000061d800000| PB 0x000000061d800000| Complete 
| 113|0x000000061dc00000, 0x000000061e000000, 0x000000061e000000|100%| E|CS|TAMS 0x000000061dc00000| PB 0x000000061dc00000| Complete 
| 114|0x000000061e000000, 0x000000061e400000, 0x000000061e400000|100%| E|CS|TAMS 0x000000061e000000| PB 0x000000061e000000| Complete 
| 115|0x000000061e400000, 0x000000061e800000, 0x000000061e800000|100%| E|CS|TAMS 0x000000061e400000| PB 0x000000061e400000| Complete 
| 116|0x000000061e800000, 0x000000061ec00000, 0x000000061ec00000|100%| E|CS|TAMS 0x000000061e800000| PB 0x000000061e800000| Complete 
| 117|0x000000061ec00000, 0x000000061f000000, 0x000000061f000000|100%| E|CS|TAMS 0x000000061ec00000| PB 0x000000061ec00000| Complete 
| 118|0x000000061f000000, 0x000000061f400000, 0x000000061f400000|100%| E|CS|TAMS 0x000000061f000000| PB 0x000000061f000000| Complete 
| 119|0x000000061f400000, 0x000000061f800000, 0x000000061f800000|100%| E|CS|TAMS 0x000000061f400000| PB 0x000000061f400000| Complete 
| 120|0x000000061f800000, 0x000000061fc00000, 0x000000061fc00000|100%| E|CS|TAMS 0x000000061f800000| PB 0x000000061f800000| Complete 
| 121|0x000000061fc00000, 0x0000000620000000, 0x0000000620000000|100%| E|CS|TAMS 0x000000061fc00000| PB 0x000000061fc00000| Complete 
| 122|0x0000000620000000, 0x0000000620400000, 0x0000000620400000|100%| E|CS|TAMS 0x0000000620000000| PB 0x0000000620000000| Complete 
| 123|0x0000000620400000, 0x0000000620800000, 0x0000000620800000|100%| E|CS|TAMS 0x0000000620400000| PB 0x0000000620400000| Complete 
| 124|0x0000000620800000, 0x0000000620c00000, 0x0000000620c00000|100%| E|CS|TAMS 0x0000000620800000| PB 0x0000000620800000| Complete 
| 125|0x0000000620c00000, 0x0000000621000000, 0x0000000621000000|100%| E|CS|TAMS 0x0000000620c00000| PB 0x0000000620c00000| Complete 
| 126|0x0000000621000000, 0x0000000621400000, 0x0000000621400000|100%| E|CS|TAMS 0x0000000621000000| PB 0x0000000621000000| Complete 
| 127|0x0000000621400000, 0x0000000621800000, 0x0000000621800000|100%| E|CS|TAMS 0x0000000621400000| PB 0x0000000621400000| Complete 

Card table byte_map: [0x0000021641170000,0x0000021642170000] _byte_map_base: 0x000002163e164000

Marking Bits: (CMBitMap*) 0x0000021628916e80
 Bits: [0x0000021642170000, 0x000002164a110000)

Polling page: 0x0000021628040000

Metaspace:

Usage:
  Non-class:     14.40 MB used.
      Class:      1.84 MB used.
       Both:     16.24 MB used.

Virtual space:
  Non-class space:       64.00 MB reserved,      14.50 MB ( 23%) committed,  1 nodes.
      Class space:        1.00 GB reserved,       1.94 MB ( <1%) committed,  1 nodes.
             Both:        1.06 GB reserved,      16.44 MB (  2%) committed. 

Chunk freelists:
   Non-Class:  1.25 MB
       Class:  13.89 MB
        Both:  15.14 MB

MaxMetaspaceSize: unlimited
CompressedClassSpaceSize: 1.00 GB
Initial GC threshold: 21.00 MB
Current GC threshold: 21.00 MB
CDS: on
 - commit_granule_bytes: 65536.
 - commit_granule_words: 8192.
 - virtual_space_node_default_size: 8388608.
 - enlarge_chunks_in_place: 1.
 - use_allocation_guard: 0.


Internal statistics:

num_allocs_failed_limit: 0.
num_arena_births: 178.
num_arena_deaths: 0.
num_vsnodes_births: 2.
num_vsnodes_deaths: 0.
num_space_committed: 263.
num_space_uncommitted: 0.
num_chunks_returned_to_freelist: 0.
num_chunks_taken_from_freelist: 734.
num_chunk_merges: 0.
num_chunk_splits: 508.
num_chunks_enlarged: 418.
num_inconsistent_stats: 0.

CodeHeap 'non-profiled nmethods': size=120000Kb used=2415Kb max_used=2415Kb free=117584Kb
 bounds [0x0000021638a20000, 0x0000021638c90000, 0x000002163ff50000]
CodeHeap 'profiled nmethods': size=120000Kb used=9769Kb max_used=9769Kb free=110231Kb
 bounds [0x0000021630f50000, 0x00000216318e0000, 0x0000021638480000]
CodeHeap 'non-nmethods': size=5760Kb used=1400Kb max_used=1475Kb free=4359Kb
 bounds [0x0000021638480000, 0x00000216386f0000, 0x0000021638a20000]
 total_blobs=5001 nmethods=4507 adapters=398
 compilation: enabled
              stopped_count=0, restarted_count=0
 full_count=0

Compilation events (20 events):
Event: 75.183 Thread 0x000002164c869ac0 4499       3       org.apache.maven.model.merge.ModelMerger::mergeModel_ChildProjectUrlInheritAppendPath (41 bytes)
Event: 75.183 Thread 0x000002164c869ac0 nmethod 4499 0x00000216318d6190 code [0x00000216318d6360, 0x00000216318d67a0]
Event: 75.183 Thread 0x000002164c869ac0 4500       3       org.apache.maven.model.merge.MavenModelMerger::mergeModel_ModelVersion (1 bytes)
Event: 75.183 Thread 0x000002164c869ac0 nmethod 4500 0x00000216318d6910 code [0x00000216318d6aa0, 0x00000216318d6ba8]
Event: 75.183 Thread 0x000002164c869ac0 4501       3       org.apache.maven.model.merge.ModelMerger::mergeModel_Parent (55 bytes)
Event: 75.183 Thread 0x000002164c869ac0 nmethod 4501 0x00000216318d6c90 code [0x00000216318d6e80, 0x00000216318d73b0]
Event: 75.184 Thread 0x000002164c869ac0 4502       3       org.apache.maven.model.merge.ModelMerger::mergeModel_GroupId (41 bytes)
Event: 75.184 Thread 0x000002164c869ac0 nmethod 4502 0x00000216318d7590 code [0x00000216318d7760, 0x00000216318d7b98]
Event: 75.184 Thread 0x000002164c869ac0 4503       3       org.apache.maven.model.merge.MavenModelMerger::mergeModel_ArtifactId (1 bytes)
Event: 75.184 Thread 0x000002164c869ac0 nmethod 4503 0x00000216318d7d10 code [0x00000216318d7ea0, 0x00000216318d7fa8]
Event: 75.184 Thread 0x000002164c869ac0 4504       3       java.util.Collections::singletonList (9 bytes)
Event: 75.184 Thread 0x000002164c869ac0 nmethod 4504 0x00000216318d8090 code [0x00000216318d8260, 0x00000216318d8588]
Event: 75.184 Thread 0x000002164c869ac0 4505       3       java.util.Collections$SingletonList::<init> (10 bytes)
Event: 75.185 Thread 0x000002164c869ac0 nmethod 4505 0x00000216318d8710 code [0x00000216318d88c0, 0x00000216318d8b50]
Event: 75.185 Thread 0x000002164c869ac0 4506       3       org.apache.maven.model.merge.ModelMerger::mergePlugin (64 bytes)
Event: 75.185 Thread 0x000002164c869ac0 nmethod 4506 0x00000216318d8c90 code [0x00000216318d8ea0, 0x00000216318d9580]
Event: 75.752 Thread 0x000002164c869ac0 4507       3       org.apache.maven.artifact.ArtifactUtils::key (51 bytes)
Event: 75.752 Thread 0x000002164c869ac0 nmethod 4507 0x00000216318d9710 code [0x00000216318d99a0, 0x00000216318da0f0]
Event: 76.122 Thread 0x000002164c864350 4508       4       java.util.LinkedHashMap$LinkedEntrySet::iterator (16 bytes)
Event: 76.123 Thread 0x000002164c869ac0 4509       3       org.eclipse.aether.internal.impl.collect.DataPool$WeakInternPool::intern (53 bytes)

GC Heap History (6 events):
Event: 25.873 GC heap before
{Heap before GC invocations=0 (full 0):
 garbage-first heap   total 524288K, used 24576K [0x0000000601800000, 0x0000000800000000)
  region size 4096K, 6 young (24576K), 0 survivors (0K)
 Metaspace       used 5689K, committed 5888K, reserved 1114112K
  class space    used 666K, committed 768K, reserved 1048576K
}
Event: 25.914 GC heap after
{Heap after GC invocations=1 (full 0):
 garbage-first heap   total 524288K, used 3827K [0x0000000601800000, 0x0000000800000000)
  region size 4096K, 1 young (4096K), 1 survivors (4096K)
 Metaspace       used 5689K, committed 5888K, reserved 1114112K
  class space    used 666K, committed 768K, reserved 1048576K
}
Event: 28.000 GC heap before
{Heap before GC invocations=1 (full 0):
 garbage-first heap   total 524288K, used 28403K [0x0000000601800000, 0x0000000800000000)
  region size 4096K, 7 young (28672K), 1 survivors (4096K)
 Metaspace       used 8737K, committed 8960K, reserved 1114112K
  class space    used 1037K, committed 1152K, reserved 1048576K
}
Event: 28.005 GC heap after
{Heap after GC invocations=2 (full 0):
 garbage-first heap   total 524288K, used 5225K [0x0000000601800000, 0x0000000800000000)
  region size 4096K, 1 young (4096K), 1 survivors (4096K)
 Metaspace       used 8737K, committed 8960K, reserved 1114112K
  class space    used 1037K, committed 1152K, reserved 1048576K
}
Event: 33.441 GC heap before
{Heap before GC invocations=2 (full 0):
 garbage-first heap   total 524288K, used 66665K [0x0000000601800000, 0x0000000800000000)
  region size 4096K, 16 young (65536K), 1 survivors (4096K)
 Metaspace       used 15461K, committed 15744K, reserved 1114112K
  class space    used 1808K, committed 1920K, reserved 1048576K
}
Event: 33.455 GC heap after
{Heap after GC invocations=3 (full 0):
 garbage-first heap   total 524288K, used 11336K [0x0000000601800000, 0x0000000800000000)
  region size 4096K, 2 young (8192K), 2 survivors (8192K)
 Metaspace       used 15461K, committed 15744K, reserved 1114112K
  class space    used 1808K, committed 1920K, reserved 1048576K
}

Dll operation events (8 events):
Event: 0.016 Loaded shared library C:\Users\Administrator\AppData\Roaming\Code\User\globalStorage\pleiades.java-extension-pack-jdk\java\21\bin\java.dll
Event: 0.188 Loaded shared library C:\Users\Administrator\AppData\Roaming\Code\User\globalStorage\pleiades.java-extension-pack-jdk\java\21\bin\jsvml.dll
Event: 0.266 Loaded shared library C:\Users\Administrator\AppData\Roaming\Code\User\globalStorage\pleiades.java-extension-pack-jdk\java\21\bin\net.dll
Event: 0.270 Loaded shared library C:\Users\Administrator\AppData\Roaming\Code\User\globalStorage\pleiades.java-extension-pack-jdk\java\21\bin\nio.dll
Event: 0.293 Loaded shared library C:\Users\Administrator\AppData\Roaming\Code\User\globalStorage\pleiades.java-extension-pack-jdk\java\21\bin\zip.dll
Event: 10.828 Loaded shared library C:\Users\Administrator\AppData\Roaming\Code\User\globalStorage\pleiades.java-extension-pack-jdk\maven\latest\lib\jansi-native\Windows\x86_64\jansi.dll
Event: 11.130 Loaded shared library C:\Users\Administrator\AppData\Roaming\Code\User\globalStorage\pleiades.java-extension-pack-jdk\java\21\bin\verify.dll
Event: 11.204 Loaded shared library C:\Users\Administrator\AppData\Roaming\Code\User\globalStorage\pleiades.java-extension-pack-jdk\java\21\bin\jimage.dll

Deoptimization events (20 events):
Event: 69.381 Thread 0x0000021628879700 Uncommon trap: trap_request=0xffffffd6 fr.pc=0x0000021638c7328c relative=0x00000000000004cc
Event: 69.381 Thread 0x0000021628879700 Uncommon trap: reason=array_check action=maybe_recompile pc=0x0000021638c7328c method=java.util.HashMap.keysToArray([Ljava/lang/Object;)[Ljava/lang/Object; @ 62 c2
Event: 69.381 Thread 0x0000021628879700 DEOPT PACKING pc=0x0000021638c7328c sp=0x00000022fbffaee0
Event: 69.381 Thread 0x0000021628879700 DEOPT UNPACKING pc=0x00000216384d46a2 sp=0x00000022fbffae78 mode 2
Event: 72.470 Thread 0x0000021628879700 Uncommon trap: trap_request=0xffffff45 fr.pc=0x0000021638b21214 relative=0x00000000000002d4
Event: 72.470 Thread 0x0000021628879700 Uncommon trap: reason=unstable_if action=reinterpret pc=0x0000021638b21214 method=java.util.concurrent.ConcurrentHashMap.get(Ljava/lang/Object;)Ljava/lang/Object; @ 152 c2
Event: 72.470 Thread 0x0000021628879700 DEOPT PACKING pc=0x0000021638b21214 sp=0x00000022fbffc170
Event: 72.470 Thread 0x0000021628879700 DEOPT UNPACKING pc=0x00000216384d46a2 sp=0x00000022fbffc0e8 mode 2
Event: 72.470 Thread 0x0000021628879700 Uncommon trap: trap_request=0xffffffde fr.pc=0x0000021638a65168 relative=0x0000000000000ee8
Event: 72.470 Thread 0x0000021628879700 Uncommon trap: reason=class_check action=maybe_recompile pc=0x0000021638a65168 method=java.util.concurrent.ConcurrentHashMap.putVal(Ljava/lang/Object;Ljava/lang/Object;Z)Ljava/lang/Object; @ 242 c2
Event: 72.470 Thread 0x0000021628879700 DEOPT PACKING pc=0x0000021638a65168 sp=0x00000022fbffc0e0
Event: 72.470 Thread 0x0000021628879700 DEOPT UNPACKING pc=0x00000216384d46a2 sp=0x00000022fbffc050 mode 2
Event: 72.470 Thread 0x0000021628879700 Uncommon trap: trap_request=0xffffffde fr.pc=0x0000021638a65168 relative=0x0000000000000ee8
Event: 72.470 Thread 0x0000021628879700 Uncommon trap: reason=class_check action=maybe_recompile pc=0x0000021638a65168 method=java.util.concurrent.ConcurrentHashMap.putVal(Ljava/lang/Object;Ljava/lang/Object;Z)Ljava/lang/Object; @ 242 c2
Event: 72.471 Thread 0x0000021628879700 DEOPT PACKING pc=0x0000021638a65168 sp=0x00000022fbffc0e0
Event: 72.471 Thread 0x0000021628879700 DEOPT UNPACKING pc=0x00000216384d46a2 sp=0x00000022fbffc050 mode 2
Event: 74.332 Thread 0x0000021628879700 Uncommon trap: trap_request=0xffffffc6 fr.pc=0x0000021638bfaddc relative=0x00000000000004dc
Event: 74.332 Thread 0x0000021628879700 Uncommon trap: reason=bimorphic_or_optimized_type_check action=maybe_recompile pc=0x0000021638bfaddc method=java.util.regex.Pattern$Slice.match(Ljava/util/regex/Matcher;ILjava/lang/CharSequence;)Z @ 75 c2
Event: 74.332 Thread 0x0000021628879700 DEOPT PACKING pc=0x0000021638bfaddc sp=0x00000022fbffbaa0
Event: 74.332 Thread 0x0000021628879700 DEOPT UNPACKING pc=0x00000216384d46a2 sp=0x00000022fbffba20 mode 2

Classes loaded (20 events):
Event: 31.144 Loading class sun/nio/ch/Interruptible done
Event: 31.144 Loading class java/nio/channels/spi/AbstractInterruptibleChannel$1 done
Event: 31.145 Loading class java/util/AbstractMap$2
Event: 31.145 Loading class java/util/AbstractMap$2 done
Event: 31.145 Loading class java/util/AbstractMap$2$1
Event: 31.146 Loading class java/util/AbstractMap$2$1 done
Event: 31.344 Loading class java/util/StringTokenizer
Event: 31.344 Loading class java/util/StringTokenizer done
Event: 35.091 Loading class java/util/stream/MatchOps$MatchKind
Event: 35.092 Loading class java/util/stream/MatchOps$MatchKind done
Event: 35.092 Loading class java/util/stream/MatchOps
Event: 35.092 Loading class java/util/stream/MatchOps done
Event: 35.092 Loading class java/util/stream/MatchOps$MatchOp
Event: 35.093 Loading class java/util/stream/MatchOps$MatchOp done
Event: 35.093 Loading class java/util/stream/MatchOps$BooleanTerminalSink
Event: 35.093 Loading class java/util/stream/MatchOps$BooleanTerminalSink done
Event: 35.093 Loading class java/util/stream/MatchOps$1MatchSink
Event: 35.094 Loading class java/util/stream/MatchOps$1MatchSink done
Event: 64.934 Loading class sun/nio/cs/ISO_8859_1$Decoder
Event: 64.979 Loading class sun/nio/cs/ISO_8859_1$Decoder done

Classes unloaded (0 events):
No events

Classes redefined (0 events):
No events

Internal exceptions (20 events):
Event: 28.998 Thread 0x0000021628879700 Exception <a 'java/lang/NoSuchMethodError'{0x0000000620f0a9e0}: 'java.lang.Object java.lang.invoke.DirectMethodHandle$Holder.invokeSpecial(java.lang.Object, java.lang.Object, java.lang.Object, int, java.lang.Object)'> (0x0000000620f0a9e0) 
thrown [s\src\hotspot\share\interpreter\linkResolver.cpp, line 773]
Event: 28.999 Thread 0x0000021628879700 Exception <a 'java/lang/NoSuchMethodError'{0x0000000620f12b00}: 'int java.lang.invoke.DirectMethodHandle$Holder.invokeSpecial(java.lang.Object, java.lang.Object, java.lang.Object, int)'> (0x0000000620f12b00) 
thrown [s\src\hotspot\share\interpreter\linkResolver.cpp, line 773]
Event: 29.007 Thread 0x0000021628879700 Implicit null exception at 0x0000021638aafce0 to 0x0000021638aafee4
Event: 29.013 Thread 0x0000021628879700 Exception <a 'java/lang/NoSuchMethodError'{0x0000000620f375f0}: 'java.lang.Object java.lang.invoke.Invokers$Holder.invokeExact_MT(java.lang.Object, int, java.lang.Object)'> (0x0000000620f375f0) 
thrown [s\src\hotspot\share\interpreter\linkResolver.cpp, line 773]
Event: 29.844 Thread 0x0000021628879700 Exception <a 'java/lang/NoSuchMethodError'{0x000000062075fc48}: 'void java.lang.invoke.Invokers$Holder.invokeExact_MT(java.lang.Object, java.lang.Object, java.lang.Object, java.lang.Object)'> (0x000000062075fc48) 
thrown [s\src\hotspot\share\interpreter\linkResolver.cpp, line 773]
Event: 29.892 Thread 0x0000021628879700 Exception <a 'java/lang/NoClassDefFoundError'{0x00000006207ef320}: com/google/inject/servlet/ServletModuleTargetVisitor> (0x00000006207ef320) 
thrown [s\src\hotspot\share\classfile\systemDictionary.cpp, line 301]
Event: 29.996 Thread 0x0000021628879700 Exception <a 'java/lang/NoSuchMethodError'{0x00000006201b4600}: 'void java.lang.invoke.DirectMethodHandle$Holder.invokeVirtual(java.lang.Object, java.lang.Object)'> (0x00000006201b4600) 
thrown [s\src\hotspot\share\interpreter\linkResolver.cpp, line 773]
Event: 30.128 Thread 0x0000021628879700 Exception <a 'java/lang/NoSuchMethodError'{0x0000000620233a18}: 'java.lang.Object java.lang.invoke.DirectMethodHandle$Holder.invokeStaticInit(java.lang.Object, int, int, int, int)'> (0x0000000620233a18) 
thrown [s\src\hotspot\share\interpreter\linkResolver.cpp, line 773]
Event: 31.069 Thread 0x0000021628879700 Implicit null exception at 0x0000021638a69624 to 0x0000021638a69cbc
Event: 31.069 Thread 0x0000021628879700 Implicit null exception at 0x0000021638a4ef20 to 0x0000021638a4f5bc
Event: 31.241 Thread 0x0000021628879700 Exception <a 'java/lang/NoSuchMethodError'{0x000000061ffc1020}: 'void java.lang.invoke.DirectMethodHandle$Holder.invokeSpecial(java.lang.Object, java.lang.Object, java.lang.Object, java.lang.Object, java.lang.Object)'> (0x000000061ffc1020) 
thrown [s\src\hotspot\share\interpreter\linkResolver.cpp, line 773]
Event: 31.247 Thread 0x0000021628879700 Exception <a 'java/lang/NoSuchMethodError'{0x000000061ffd6f00}: 'void java.lang.invoke.DirectMethodHandle$Holder.invokeSpecial(java.lang.Object, java.lang.Object, java.lang.Object, java.lang.Object, java.lang.Object, java.lang.Object)'> (0x000000061ffd6f00) 
thrown [s\src\hotspot\share\interpreter\linkResolver.cpp, line 773]
Event: 31.269 Thread 0x0000021628879700 Exception <a 'java/lang/NoSuchMethodError'{0x000000061f4bec68}: 'java.lang.Object java.lang.invoke.DirectMethodHandle$Holder.invokeVirtual(java.lang.Object, java.lang.Object, java.lang.Object)'> (0x000000061f4bec68) 
thrown [s\src\hotspot\share\interpreter\linkResolver.cpp, line 773]
Event: 31.358 Thread 0x0000021628879700 Exception <a 'java/lang/NoSuchMethodError'{0x000000061f620880}: 'void java.lang.invoke.DirectMethodHandle$Holder.invokeVirtual(java.lang.Object, java.lang.Object, int)'> (0x000000061f620880) 
thrown [s\src\hotspot\share\interpreter\linkResolver.cpp, line 773]
Event: 31.359 Thread 0x0000021628879700 Exception <a 'java/lang/NoSuchMethodError'{0x000000061f627850}: 'void java.lang.invoke.DelegatingMethodHandle$Holder.reinvoke_L(java.lang.Object, java.lang.Object, int)'> (0x000000061f627850) 
thrown [s\src\hotspot\share\interpreter\linkResolver.cpp, line 773]
Event: 36.308 Thread 0x0000021628879700 Implicit null exception at 0x0000021638bc46a3 to 0x0000021638bc4cf8
Event: 36.346 Thread 0x0000021628879700 Implicit null exception at 0x0000021638b86c70 to 0x0000021638b880a4
Event: 36.346 Thread 0x0000021628879700 Implicit null exception at 0x0000021638b45f20 to 0x0000021638b4614c
Event: 36.347 Thread 0x0000021628879700 Implicit null exception at 0x0000021638b41c0d to 0x0000021638b424dc
Event: 36.535 Thread 0x0000021628879700 Exception <a 'java/lang/NoSuchMethodError'{0x0000000620b76c98}: 'int java.lang.invoke.DirectMethodHandle$Holder.invokeSpecialIFC(java.lang.Object, java.lang.Object, java.lang.Object, java.lang.Object)'> (0x0000000620b76c98) 
thrown [s\src\hotspot\share\interpreter\linkResolver.cpp, line 773]

ZGC Phase Switch (0 events):
No events

VM Operations (20 events):
Event: 67.161 Executing VM operation: Cleanup
Event: 67.161 Executing VM operation: Cleanup done
Event: 68.166 Executing VM operation: Cleanup
Event: 68.166 Executing VM operation: Cleanup done
Event: 69.168 Executing VM operation: Cleanup
Event: 69.168 Executing VM operation: Cleanup done
Event: 70.172 Executing VM operation: Cleanup
Event: 70.172 Executing VM operation: Cleanup done
Event: 71.180 Executing VM operation: Cleanup
Event: 71.180 Executing VM operation: Cleanup done
Event: 72.194 Executing VM operation: Cleanup
Event: 72.194 Executing VM operation: Cleanup done
Event: 73.200 Executing VM operation: Cleanup
Event: 73.200 Executing VM operation: Cleanup done
Event: 74.207 Executing VM operation: Cleanup
Event: 74.207 Executing VM operation: Cleanup done
Event: 75.216 Executing VM operation: Cleanup
Event: 75.216 Executing VM operation: Cleanup done
Event: 76.222 Executing VM operation: Cleanup
Event: 76.222 Executing VM operation: Cleanup done

Events (20 events):
Event: 0.068 Thread 0x0000021628879700 Thread added: 0x0000021628879700
Event: 0.174 Thread 0x000002164c85ebb0 Thread added: 0x000002164c85ebb0
Event: 0.174 Thread 0x000002164c85fa80 Thread added: 0x000002164c85fa80
Event: 0.174 Thread 0x000002164c8616a0 Thread added: 0x000002164c8616a0
Event: 0.174 Thread 0x000002164c862100 Thread added: 0x000002164c862100
Event: 0.174 Thread 0x000002164c862b60 Thread added: 0x000002164c862b60
Event: 0.174 Thread 0x000002164c8635c0 Thread added: 0x000002164c8635c0
Event: 0.175 Thread 0x000002164c864350 Thread added: 0x000002164c864350
Event: 0.176 Thread 0x000002164c869ac0 Thread added: 0x000002164c869ac0
Event: 0.207 Thread 0x000002164cccd3c0 Thread added: 0x000002164cccd3c0
Event: 0.210 Thread 0x000002164ccd0e80 Thread added: 0x000002164ccd0e80
Event: 10.720 Thread 0x000002164cc1c830 Thread added: 0x000002164cc1c830
Event: 21.564 Thread 0x000002164cc1c830 Thread exited: 0x000002164cc1c830
Event: 25.587 Thread 0x00000216927510f0 Thread added: 0x00000216927510f0
Event: 26.192 Thread 0x00000216927510f0 Thread exited: 0x00000216927510f0
Event: 30.520 Thread 0x00000216933f1ff0 Thread added: 0x00000216933f1ff0
Event: 33.199 Thread 0x0000021692fe5d40 Thread added: 0x0000021692fe5d40
Event: 34.667 Thread 0x0000021692fe5d40 Thread exited: 0x0000021692fe5d40
Event: 36.566 Thread 0x0000021692fe3b30 Thread added: 0x0000021692fe3b30
Event: 36.799 Thread 0x0000021692fe3b30 Thread exited: 0x0000021692fe3b30


Dynamic libraries:
0x00007ff656b30000 - 0x00007ff656b3e000 	C:\Users\Administrator\AppData\Roaming\Code\User\globalStorage\pleiades.java-extension-pack-jdk\java\21\bin\java.exe
0x00007ff9ec830000 - 0x00007ff9eca28000 	C:\WINDOWS\SYSTEM32\ntdll.dll
0x00007ff9ec670000 - 0x00007ff9ec72d000 	C:\WINDOWS\System32\KERNEL32.DLL
0x00007ff9e9f90000 - 0x00007ff9ea286000 	C:\WINDOWS\System32\KERNELBASE.dll
0x00007ff9ea700000 - 0x00007ff9ea800000 	C:\WINDOWS\System32\ucrtbase.dll
0x00007ff9e52d0000 - 0x00007ff9e52e8000 	C:\Users\Administrator\AppData\Roaming\Code\User\globalStorage\pleiades.java-extension-pack-jdk\java\21\bin\jli.dll
0x00007ff9eabf0000 - 0x00007ff9ead8f000 	C:\WINDOWS\System32\USER32.dll
0x00007ff9ea6d0000 - 0x00007ff9ea6f2000 	C:\WINDOWS\System32\win32u.dll
0x00007ff9ebef0000 - 0x00007ff9ebf1b000 	C:\WINDOWS\System32\GDI32.dll
0x00007ff9ea3c0000 - 0x00007ff9ea4d7000 	C:\WINDOWS\System32\gdi32full.dll
0x00007ff9e9ef0000 - 0x00007ff9e9f8d000 	C:\WINDOWS\System32\msvcp_win.dll
0x00007ff9c8850000 - 0x00007ff9c886b000 	C:\Users\Administrator\AppData\Roaming\Code\User\globalStorage\pleiades.java-extension-pack-jdk\java\21\bin\VCRUNTIME140.dll
0x00007ff9d1e60000 - 0x00007ff9d20fa000 	C:\WINDOWS\WinSxS\amd64_microsoft.windows.common-controls_6595b64144ccf1df_6.0.19041.4355_none_60b8b9eb71f62e16\COMCTL32.dll
0x00007ff9eb5a0000 - 0x00007ff9eb63e000 	C:\WINDOWS\System32\msvcrt.dll
0x00007ff9ead90000 - 0x00007ff9eadbf000 	C:\WINDOWS\System32\IMM32.DLL
0x00007ff9e5280000 - 0x00007ff9e528c000 	C:\Users\Administrator\AppData\Roaming\Code\User\globalStorage\pleiades.java-extension-pack-jdk\java\21\bin\vcruntime140_1.dll
0x00007ff9b7f90000 - 0x00007ff9b801e000 	C:\Users\Administrator\AppData\Roaming\Code\User\globalStorage\pleiades.java-extension-pack-jdk\java\21\bin\msvcp140.dll
0x00007ff987760000 - 0x00007ff9884e2000 	C:\Users\Administrator\AppData\Roaming\Code\User\globalStorage\pleiades.java-extension-pack-jdk\java\21\bin\server\jvm.dll
0x00007ff9ec5c0000 - 0x00007ff9ec670000 	C:\WINDOWS\System32\ADVAPI32.dll
0x00007ff9ec730000 - 0x00007ff9ec7d0000 	C:\WINDOWS\System32\sechost.dll
0x00007ff9eaac0000 - 0x00007ff9eabe3000 	C:\WINDOWS\System32\RPCRT4.dll
0x00007ff9ea2e0000 - 0x00007ff9ea307000 	C:\WINDOWS\System32\bcrypt.dll
0x00007ff9eb530000 - 0x00007ff9eb59b000 	C:\WINDOWS\System32\WS2_32.dll
0x00007ff9e9790000 - 0x00007ff9e97db000 	C:\WINDOWS\SYSTEM32\POWRPROF.dll
0x00007ff9d6470000 - 0x00007ff9d6497000 	C:\WINDOWS\SYSTEM32\WINMM.dll
0x00007ff9e3b00000 - 0x00007ff9e3b0a000 	C:\WINDOWS\SYSTEM32\VERSION.dll
0x00007ff9e9770000 - 0x00007ff9e9782000 	C:\WINDOWS\SYSTEM32\UMPDC.dll
0x00007ff9e8710000 - 0x00007ff9e8722000 	C:\WINDOWS\SYSTEM32\kernel.appcore.dll
0x00007ff9e3dc0000 - 0x00007ff9e3dca000 	C:\Users\Administrator\AppData\Roaming\Code\User\globalStorage\pleiades.java-extension-pack-jdk\java\21\bin\jimage.dll
0x00007ff9e7bb0000 - 0x00007ff9e7d94000 	C:\WINDOWS\SYSTEM32\DBGHELP.DLL
0x00007ff9cc1d0000 - 0x00007ff9cc204000 	C:\WINDOWS\SYSTEM32\dbgcore.DLL
0x00007ff9ea4e0000 - 0x00007ff9ea562000 	C:\WINDOWS\System32\bcryptPrimitives.dll
0x00007ff9c87f0000 - 0x00007ff9c880f000 	C:\Users\Administrator\AppData\Roaming\Code\User\globalStorage\pleiades.java-extension-pack-jdk\java\21\bin\java.dll
0x00007ff9eadc0000 - 0x00007ff9eb52c000 	C:\WINDOWS\System32\SHELL32.dll
0x00007ff9e7f30000 - 0x00007ff9e86cd000 	C:\WINDOWS\SYSTEM32\windows.storage.dll
0x00007ff9eba70000 - 0x00007ff9ebdc3000 	C:\WINDOWS\System32\combase.dll
0x00007ff9e9830000 - 0x00007ff9e985e000 	C:\WINDOWS\SYSTEM32\Wldp.dll
0x00007ff9eb9a0000 - 0x00007ff9eba6d000 	C:\WINDOWS\System32\OLEAUT32.dll
0x00007ff9ebdd0000 - 0x00007ff9ebe7d000 	C:\WINDOWS\System32\SHCORE.dll
0x00007ff9ebe90000 - 0x00007ff9ebee5000 	C:\WINDOWS\System32\shlwapi.dll
0x00007ff9e9e20000 - 0x00007ff9e9e44000 	C:\WINDOWS\SYSTEM32\profapi.dll
0x00007ff9b5d10000 - 0x00007ff9b5de7000 	C:\Users\Administrator\AppData\Roaming\Code\User\globalStorage\pleiades.java-extension-pack-jdk\java\21\bin\jsvml.dll
0x00007ff9e2180000 - 0x00007ff9e2190000 	C:\Users\Administrator\AppData\Roaming\Code\User\globalStorage\pleiades.java-extension-pack-jdk\java\21\bin\net.dll
0x00007ff9e39b0000 - 0x00007ff9e3aba000 	C:\WINDOWS\SYSTEM32\WINHTTP.dll
0x00007ff9e95a0000 - 0x00007ff9e960a000 	C:\WINDOWS\system32\mswsock.dll
0x00007ff9c6080000 - 0x00007ff9c6096000 	C:\Users\Administrator\AppData\Roaming\Code\User\globalStorage\pleiades.java-extension-pack-jdk\java\21\bin\nio.dll
0x00007ff9c4730000 - 0x00007ff9c4748000 	C:\Users\Administrator\AppData\Roaming\Code\User\globalStorage\pleiades.java-extension-pack-jdk\java\21\bin\zip.dll
0x00007ff9e6880000 - 0x00007ff9e68a4000 	C:\Users\Administrator\AppData\Roaming\Code\User\globalStorage\pleiades.java-extension-pack-jdk\maven\latest\lib\jansi-native\Windows\x86_64\jansi.dll
0x00007ff9e2740000 - 0x00007ff9e2750000 	C:\Users\Administrator\AppData\Roaming\Code\User\globalStorage\pleiades.java-extension-pack-jdk\java\21\bin\verify.dll

dbghelp: loaded successfully - version: 4.0.5 - missing functions: none
symbol engine: initialized successfully - sym options: 0x614 - pdb path: .;C:\Users\Administrator\AppData\Roaming\Code\User\globalStorage\pleiades.java-extension-pack-jdk\java\21\bin;C:\WINDOWS\SYSTEM32;C:\WINDOWS\WinSxS\amd64_microsoft.windows.common-controls_6595b64144ccf1df_6.0.19041.4355_none_60b8b9eb71f62e16;C:\Users\Administrator\AppData\Roaming\Code\User\globalStorage\pleiades.java-extension-pack-jdk\java\21\bin\server;C:\Users\Administrator\AppData\Roaming\Code\User\globalStorage\pleiades.java-extension-pack-jdk\maven\latest\lib\jansi-native\Windows\x86_64

VM Arguments:
jvm_args: -Dclassworlds.conf=C:\Users\Administrator\AppData\Roaming\Code\User\globalStorage\pleiades.java-extension-pack-jdk\maven\latest\bin\m2.conf -Dmaven.home=C:\Users\Administrator\AppData\Roaming\Code\User\globalStorage\pleiades.java-extension-pack-jdk\maven\latest -Dlibrary.jansi.path=C:\Users\Administrator\AppData\Roaming\Code\User\globalStorage\pleiades.java-extension-pack-jdk\maven\latest\lib\jansi-native -Dmaven.multiModuleProjectDirectory=C:\Users\Administrator\Documents\Projects\Monkata\eurekaserver 
java_command: org.codehaus.plexus.classworlds.launcher.Launcher spring-boot:run
java_class_path (initial): C:\Users\Administrator\AppData\Roaming\Code\User\globalStorage\pleiades.java-extension-pack-jdk\maven\latest\boot\plexus-classworlds-2.8.0.jar
Launcher Type: SUN_STANDARD

[Global flags]
     intx CICompilerCount                          = 3                                         {product} {ergonomic}
     uint ConcGCThreads                            = 2                                         {product} {ergonomic}
     uint G1ConcRefinementThreads                  = 7                                         {product} {ergonomic}
   size_t G1HeapRegionSize                         = 4194304                                   {product} {ergonomic}
    uintx GCDrainStackTargetSize                   = 64                                        {product} {ergonomic}
   size_t InitialHeapSize                          = 536870912                                 {product} {ergonomic}
   size_t MarkStackSize                            = 4194304                                   {product} {ergonomic}
   size_t MaxHeapSize                              = 8564768768                                {product} {ergonomic}
   size_t MaxNewSize                               = 5138022400                                {product} {ergonomic}
   size_t MinHeapDeltaBytes                        = 4194304                                   {product} {ergonomic}
   size_t MinHeapSize                              = 8388608                                   {product} {ergonomic}
    uintx NonNMethodCodeHeapSize                   = 5832780                                {pd product} {ergonomic}
    uintx NonProfiledCodeHeapSize                  = 122912730                              {pd product} {ergonomic}
    uintx ProfiledCodeHeapSize                     = 122912730                              {pd product} {ergonomic}
    uintx ReservedCodeCacheSize                    = 251658240                              {pd product} {ergonomic}
     bool SegmentedCodeCache                       = true                                      {product} {ergonomic}
   size_t SoftMaxHeapSize                          = 8564768768                             {manageable} {ergonomic}
     bool UseCompressedOops                        = true                           {product lp64_product} {ergonomic}
     bool UseG1GC                                  = true                                      {product} {ergonomic}
     bool UseLargePagesIndividualAllocation        = false                                  {pd product} {ergonomic}

Logging:
Log output configuration:
 #0: stdout all=warning uptime,level,tags foldmultilines=false
 #1: stderr all=off uptime,level,tags foldmultilines=false

Environment Variables:
JAVA_HOME=C:\Users\Administrator\AppData\Roaming\Code\User\globalStorage\pleiades.java-extension-pack-jdk\java\21
PATH=C:\Users\Administrator\AppData\Roaming\Code\User\globalStorage\pleiades.java-extension-pack-jdk\gradle\latest\bin;C:\Users\Administrator\AppData\Roaming\Code\User\globalStorage\pleiades.java-extension-pack-jdk\maven\latest\bin;C:\Users\Administrator\AppData\Roaming\Code\User\globalStorage\pleiades.java-extension-pack-jdk\java\21\bin;C:\Program Files\Common Files\Oracle\Java\javapath;C:\Program Files (x86)\Common Files\Oracle\Java\javapath;C:\ms;C:\Program Files\Docker\Docker;C:\Program Files\Docker\cli-plugins;C:\Windows\System32\wbem;C:\Users\Administrator\.minishift\cache\oc\v3.11.0\windows;C:\ant\bin;C:\Users\Administrator\AppData\Local\Android\Sdk\platform-tools;C:\Users\Administrator\AppData\Local\Android\Sdk\tools;C:\Users\Administrator\AppData\Local\Android\Sdk\tools\bin;C:\Program Files\Java\jdk-11.0.16.1\bin;C:\gradle-6.7.1-all\gradle-6.7.1\wrapper\dists\gradle-7.4-all\aadb4xli5jkdsnukm30eibyiu\gradle-7.4\bin;C:\ProgramData\chocolatey\bin;C:\procto\bin;C:\Program Files\dotnet\;C:\k8s;C:\Program Files\PuTTY\;C:\Windows\System32;C:\Users\Administrator\anaconda3\condabin;C:\apache-maven-3.9.3\bin;C:\Users\Administrator\Desktop\OpenSSL-1.1.1h_win32;C:\WINDOWS\System32\OpenSSH\;C:\Program Files\Docker\Docker\resources\bin;C:\Program Files\HP\Common\HPDestPlgIn\;C:\Program Files (x86)\HP\Common\HPDestPlgIn\;C:\xampp\php;C:\composer;C:\Program Files (x86)\NVIDIA Corporation\PhysX\Common;C:\Program Files\NVIDIA Corporation\NVIDIA NvDLISR;C:\Program Files\Amazon\AWSCLIV2\;C:\Users\Administrator\flutter\bin;C:\Program Files\nodejs\;C:\Program Files\heroku\bin;C:\Users\Administrator\AppData\Local\heroku\client\bin;C:\Users\Administrator\AppData\Local\Programs\Python\Python311\Scripts\;C:\Users\Administrator\AppData\Local\Programs\Python\Python311\;C:\Users\Administrator\.cargo\bin;C:\Users\Administrator\AppData\Local\Microsoft\WindowsApps;C:\Program Files\heroku\bin;C:\ProgramData\Administrator\GitHubDesktop\bin;C:\Users\Administrator\AppData\Local\GitHubDesktop\bin;C:\Users\Administrator\AppData\Local\Programs\Microsoft VS Code\bin;C:\Program Files\JetBrains\PyCharm Community Edition 2022.3.2\bin;;C:\Users\Administrator\.dotnet\tools;C:\Users\Administrator\AppData\Local\Google\Cloud SDK\google-cloud-sdk\bin;C:\Program Files\HP\Common\HPDestPlgIn\;C:\Program Files (x86)\HP\Common\HPDestPlgIn\;C:\Users\Administrator\AppData\Roaming\Composer\vendor\bin;C:\Users\Administrator\AppData\Roaming\npm
USERNAME=Administrator
LANG=en_US.UTF-8
OS=Windows_NT
PROCESSOR_IDENTIFIER=Intel64 Family 6 Model 94 Stepping 3, GenuineIntel
TMP=C:\Users\ADMINI~1\AppData\Local\Temp
TEMP=C:\Users\ADMINI~1\AppData\Local\Temp




Periodic native trim disabled

---------------  S Y S T E M  ---------------

OS:
 Windows 10 , 64 bit Build 19041 (10.0.19041.3636)
OS uptime: 4 days 3:26 hours
Hyper-V role detected

CPU: total 7 (initial active 7) (4 cores per cpu, 2 threads per core) family 6 model 94 stepping 3 microcode 0xf0, cx8, cmov, fxsr, ht, mmx, 3dnowpref, sse, sse2, sse3, ssse3, sse4.1, sse4.2, popcnt, lzcnt, tsc, tscinvbit, avx, avx2, aes, erms, clmul, bmi1, bmi2, rtm, adx, fma, vzeroupper, clflush, clflushopt, hv, rdtscp, f16c
Processor Information for all 7 processors :
  Max Mhz: 3408, Current Mhz: 3408, Mhz Limit: 3408

Memory: 4k page, system-wide physical 32658M (516M free)
TotalPageFile size 93611M (AvailPageFile size 19M)
current process WorkingSet (physical memory assigned to process): 156M, peak: 167M
current process commit charge ("private bytes"): 633M, peak: 654M

vm_info: OpenJDK 64-Bit Server VM (21.0.3+9-LTS) for windows-amd64 JRE (21.0.3+9-LTS), built on 2024-04-16T00:00:00Z by "admin" with MS VC++ 17.7 (VS2022)

END.
